<?xml version="1.0" encoding="UTF-8"?>
<testsuite xmlns:xsi="http://www.w3.org/2001/XMLSchema-instance" xsi:schemaLocation="https://maven.apache.org/surefire/maven-surefire-plugin/xsd/surefire-test-report.xsd" name="fr.cdamassy2021.dao.QuestionDaoImplTest" time="1.609" tests="10" errors="0" skipped="0" failures="0">
  <properties>
[...]
</properties>
  <testcase name="testgetAllWithinLimit" classname="fr.cdamassy2021.dao.QuestionDaoImplTest" time="0.201"/>
  <testcase name="testgetAllPendingQuestions" classname="fr.cdamassy2021.dao.QuestionDaoImplTest" time="0.161"/>
  <testcase name="testgetAllReponse" classname="fr.cdamassy2021.dao.QuestionDaoImplTest" time="0.148"/>
  <testcase name="testFindById" classname="fr.cdamassy2021.dao.QuestionDaoImplTest" time="0.166"/>
  <testcase name="testFindByIdPasTrouve" classname="fr.cdamassy2021.dao.QuestionDaoImplTest" time="0.152"/>
  <testcase name="testgetAllSondages" classname="fr.cdamassy2021.dao.QuestionDaoImplTest" time="0.16"/>
  <testcase name="testgetAllByCanalPaging" classname="fr.cdamassy2021.dao.QuestionDaoImplTest" time="0.149"/>
  <testcase name="testInsertQuestionQCM" classname="fr.cdamassy2021.dao.QuestionDaoImplTest" time="0.181"/>
  <testcase name="testInsert" classname="fr.cdamassy2021.dao.QuestionDaoImplTest" time="0.142"/>
  <testcase name="testinsertReponse" classname="fr.cdamassy2021.dao.QuestionDaoImplTest" time="0.142"/>
</testsuite>